<?xml version="1.0" encoding="UTF-8"?>
<!-- Generated by org.testng.reporters.JUnitXMLReporter -->
<testsuite ignored="0" hostname="MacBook-Pro-Nasta.local" failures="0" tests="20" name="Surefire test" time="6.243" errors="0" timestamp="17 Aug 2021 18:39:10 GMT">
  <testcase classname="AuthorTest" name="createAuthorTest" time="2.559"/>
  <testcase classname="AuthorTest" name="deleteAuthorById" time="0.156"/>
  <testcase classname="AuthorTest" name="getAllAuthors" time="0.076"/>
  <testcase classname="AuthorTest" name="getAuthorById" time="0.145"/>
  <testcase classname="AuthorTest" name="getAuthorByName" time="0.127"/>
  <testcase classname="AuthorTest" name="updateGenre" time="0.113"/>
  <testcase classname="GenreTest" name="createGenreTest" time="0.076"/>
  <testcase classname="GenreTest" name="deleteGenreById" time="0.067"/>
  <testcase classname="GenreTest" name="getAllGenres" time="0.029"/>
  <testcase classname="GenreTest" name="getGenreById" time="0.071"/>
  <testcase classname="GenreTest" name="getGenreByName" time="0.101"/>
  <testcase classname="GenreTest" name="updateGenre" time="0.1"/>
  <testcase classname="BookTest" name="createBookTest" time="0.346"/>
  <testcase classname="BookTest" name="getAllBooks" time="0.028"/>
  <testcase classname="BookTest" name="getBookByAuthorId" time="0.037"/>
  <testcase classname="BookTest" name="getBookByAuthorIdAndGenreId" time="0.054"/>
  <testcase classname="BookTest" name="getBookByGenreId" time="0.03"/>
  <testcase classname="BookTest" name="getBookById" time="0.131"/>
  <testcase classname="BookTest" name="getBookByName" time="0.141"/>
  <testcase classname="BookTest" name="updateBook" time="0.183"/>
</testsuite> <!-- Surefire test -->
