<?xml version="1.0" encoding="UTF-8"?>
<!-- Generated by org.testng.reporters.JUnitXMLReporter -->
<testsuite ignored="0" hostname="MacBook-Pro-Nasta.local" failures="0" tests="20" name="Surefire test" time="5.117" errors="0" timestamp="21 Aug 2021 10:39:56 GMT">
  <testcase classname="AuthorTest" name="testCreateAuthorTest" time="2.185"/>
  <testcase classname="AuthorTest" name="testDeleteAuthorById" time="0.085"/>
  <testcase classname="AuthorTest" name="testGetAllAuthors" time="0.061"/>
  <testcase classname="AuthorTest" name="testGetAuthorById" time="0.101"/>
  <testcase classname="AuthorTest" name="testGetAuthorByName" time="0.116"/>
  <testcase classname="AuthorTest" name="testUpdateAuthor" time="0.114"/>
  <testcase classname="GenreTest" name="createGenreTest" time="0.071"/>
  <testcase classname="GenreTest" name="deleteGenreById" time="0.068"/>
  <testcase classname="GenreTest" name="getAllGenres" time="0.021"/>
  <testcase classname="GenreTest" name="getGenreById" time="0.093"/>
  <testcase classname="GenreTest" name="getGenreByName" time="0.085"/>
  <testcase classname="GenreTest" name="updateGenre" time="0.087"/>
  <testcase classname="BookTest" name="createBookTest" time="0.321"/>
  <testcase classname="BookTest" name="getAllBooks" time="0.038"/>
  <testcase classname="BookTest" name="getBookByAuthorId" time="0.042"/>
  <testcase classname="BookTest" name="getBookByAuthorIdAndGenreId" time="0.049"/>
  <testcase classname="BookTest" name="getBookByGenreId" time="0.043"/>
  <testcase classname="BookTest" name="getBookById" time="0.122"/>
  <testcase classname="BookTest" name="getBookByName" time="0.15"/>
  <testcase classname="BookTest" name="updateBook" time="0.106"/>
</testsuite> <!-- Surefire test -->
