<?xml version="1.0" encoding="UTF-8"?>
<testng-results ignored="0" total="20" passed="20" failed="0" skipped="0">
  <reporter-output>
  </reporter-output>
  <suite started-at="2021-08-21T10:39:51Z" name="Surefire suite" finished-at="2021-08-21T10:39:56Z" duration-ms="5117">
    <groups>
    </groups>
    <test started-at="2021-08-21T10:39:51Z" name="Surefire test" finished-at="2021-08-21T10:39:56Z" duration-ms="5117">
      <class name="AuthorTest">
        <test-method signature="testCreateAuthorTest()[pri:0, instance:AuthorTest@47b179d7]" started-at="2021-08-21T10:39:52Z" name="testCreateAuthorTest" description="Create new Author" finished-at="2021-08-21T10:39:54Z" duration-ms="2185" status="PASS">
          <reporter-output>
          </reporter-output>
        </test-method> <!-- testCreateAuthorTest -->
        <test-method signature="testDeleteAuthorById()[pri:0, instance:AuthorTest@47b179d7]" started-at="2021-08-21T10:39:54Z" name="testDeleteAuthorById" description="Delete some Author" finished-at="2021-08-21T10:39:54Z" duration-ms="85" status="PASS">
          <reporter-output>
          </reporter-output>
        </test-method> <!-- testDeleteAuthorById -->
        <test-method signature="testGetAllAuthors()[pri:0, instance:AuthorTest@47b179d7]" started-at="2021-08-21T10:39:54Z" name="testGetAllAuthors" description="Get All Authors" finished-at="2021-08-21T10:39:54Z" duration-ms="61" status="PASS">
          <reporter-output>
          </reporter-output>
        </test-method> <!-- testGetAllAuthors -->
        <test-method signature="testGetAuthorById()[pri:0, instance:AuthorTest@47b179d7]" started-at="2021-08-21T10:39:54Z" name="testGetAuthorById" description="Get All Author By Id" finished-at="2021-08-21T10:39:54Z" duration-ms="101" status="PASS">
          <reporter-output>
          </reporter-output>
        </test-method> <!-- testGetAuthorById -->
        <test-method signature="testGetAuthorByName()[pri:0, instance:AuthorTest@47b179d7]" started-at="2021-08-21T10:39:54Z" name="testGetAuthorByName" description="Get Author By Name" finished-at="2021-08-21T10:39:54Z" duration-ms="116" status="PASS">
          <reporter-output>
          </reporter-output>
        </test-method> <!-- testGetAuthorByName -->
        <test-method signature="testUpdateAuthor()[pri:0, instance:AuthorTest@47b179d7]" started-at="2021-08-21T10:39:54Z" name="testUpdateAuthor" description="Update Author By Id" finished-at="2021-08-21T10:39:55Z" duration-ms="114" status="PASS">
          <reporter-output>
          </reporter-output>
        </test-method> <!-- testUpdateAuthor -->
      </class> <!-- AuthorTest -->
      <class name="GenreTest">
        <test-method signature="createGenreTest()[pri:0, instance:GenreTest@39008c9f]" started-at="2021-08-21T10:39:55Z" name="createGenreTest" description="Create Genre" finished-at="2021-08-21T10:39:55Z" duration-ms="71" status="PASS">
          <reporter-output>
          </reporter-output>
        </test-method> <!-- createGenreTest -->
        <test-method signature="deleteGenreById()[pri:0, instance:GenreTest@39008c9f]" started-at="2021-08-21T10:39:55Z" name="deleteGenreById" description="Delete Genre By Id" finished-at="2021-08-21T10:39:55Z" duration-ms="68" status="PASS">
          <reporter-output>
          </reporter-output>
        </test-method> <!-- deleteGenreById -->
        <test-method signature="getAllGenres()[pri:0, instance:GenreTest@39008c9f]" started-at="2021-08-21T10:39:55Z" name="getAllGenres" description="Get All Genres" finished-at="2021-08-21T10:39:55Z" duration-ms="21" status="PASS">
          <reporter-output>
          </reporter-output>
        </test-method> <!-- getAllGenres -->
        <test-method signature="getGenreById()[pri:0, instance:GenreTest@39008c9f]" started-at="2021-08-21T10:39:55Z" name="getGenreById" description="Get Genre By ID" finished-at="2021-08-21T10:39:55Z" duration-ms="93" status="PASS">
          <reporter-output>
          </reporter-output>
        </test-method> <!-- getGenreById -->
        <test-method signature="getGenreByName()[pri:0, instance:GenreTest@39008c9f]" started-at="2021-08-21T10:39:55Z" name="getGenreByName" description="Get Genre By Name" finished-at="2021-08-21T10:39:55Z" duration-ms="85" status="PASS">
          <reporter-output>
          </reporter-output>
        </test-method> <!-- getGenreByName -->
        <test-method signature="updateGenre()[pri:0, instance:GenreTest@39008c9f]" started-at="2021-08-21T10:39:55Z" name="updateGenre" description="Update Genre" finished-at="2021-08-21T10:39:55Z" duration-ms="87" status="PASS">
          <reporter-output>
          </reporter-output>
        </test-method> <!-- updateGenre -->
      </class> <!-- GenreTest -->
      <class name="BookTest">
        <test-method signature="createBookTest()[pri:0, instance:BookTest@162b3d47]" started-at="2021-08-21T10:39:55Z" name="createBookTest" description="Create new Book" finished-at="2021-08-21T10:39:55Z" duration-ms="321" status="PASS">
          <reporter-output>
          </reporter-output>
        </test-method> <!-- createBookTest -->
        <test-method signature="getAllBooks()[pri:0, instance:BookTest@162b3d47]" started-at="2021-08-21T10:39:55Z" name="getAllBooks" description="Get All Books" finished-at="2021-08-21T10:39:55Z" duration-ms="38" status="PASS">
          <reporter-output>
          </reporter-output>
        </test-method> <!-- getAllBooks -->
        <test-method signature="getBookByAuthorId()[pri:0, instance:BookTest@162b3d47]" started-at="2021-08-21T10:39:55Z" name="getBookByAuthorId" description="Get Book By Author Id" finished-at="2021-08-21T10:39:55Z" duration-ms="42" status="PASS">
          <reporter-output>
          </reporter-output>
        </test-method> <!-- getBookByAuthorId -->
        <test-method signature="getBookByAuthorIdAndGenreId()[pri:0, instance:BookTest@162b3d47]" started-at="2021-08-21T10:39:55Z" name="getBookByAuthorIdAndGenreId" description="Get All Books Of Special Author and Genre " finished-at="2021-08-21T10:39:55Z" duration-ms="49" status="PASS">
          <reporter-output>
          </reporter-output>
        </test-method> <!-- getBookByAuthorIdAndGenreId -->
        <test-method signature="getBookByGenreId()[pri:0, instance:BookTest@162b3d47]" started-at="2021-08-21T10:39:56Z" name="getBookByGenreId" description="Get All Books Of Special Genre" finished-at="2021-08-21T10:39:56Z" duration-ms="43" status="PASS">
          <reporter-output>
          </reporter-output>
        </test-method> <!-- getBookByGenreId -->
        <test-method signature="getBookById()[pri:0, instance:BookTest@162b3d47]" started-at="2021-08-21T10:39:56Z" name="getBookById" description="Get Book By Id" finished-at="2021-08-21T10:39:56Z" duration-ms="122" status="PASS">
          <reporter-output>
          </reporter-output>
        </test-method> <!-- getBookById -->
        <test-method signature="getBookByName()[pri:0, instance:BookTest@162b3d47]" started-at="2021-08-21T10:39:56Z" name="getBookByName" description="Get Book By Name" finished-at="2021-08-21T10:39:56Z" duration-ms="150" status="PASS">
          <reporter-output>
          </reporter-output>
        </test-method> <!-- getBookByName -->
        <test-method signature="updateBook()[pri:0, instance:BookTest@162b3d47]" started-at="2021-08-21T10:39:56Z" name="updateBook" description="Update existing Book" finished-at="2021-08-21T10:39:56Z" duration-ms="106" status="PASS">
          <reporter-output>
          </reporter-output>
        </test-method> <!-- updateBook -->
      </class> <!-- BookTest -->
    </test> <!-- Surefire test -->
  </suite> <!-- Surefire suite -->
</testng-results>
