<?xml version="1.0" encoding="UTF-8"?>
<testsuite xmlns:xsi="http://www.w3.org/2001/XMLSchema-instance" xsi:noNamespaceSchemaLocation="https://maven.apache.org/surefire/maven-surefire-plugin/xsd/surefire-test-report.xsd" name="TestSuite" time="7.678" tests="20" errors="0" skipped="0" failures="0">
  <properties>
[...]
</properties>
  <testcase name="createAuthorTest" classname="AuthorTest" time="2.588"/>
  <testcase name="deleteAuthorById" classname="AuthorTest" time="0.157"/>
  <testcase name="getAllAuthors" classname="AuthorTest" time="0.078"/>
  <testcase name="getAuthorById" classname="AuthorTest" time="0.145"/>
  <testcase name="getAuthorByName" classname="AuthorTest" time="0.129"/>
  <testcase name="updateGenre" classname="AuthorTest" time="0.114"/>
  <testcase name="createGenreTest" classname="GenreTest" time="0.077"/>
  <testcase name="deleteGenreById" classname="GenreTest" time="0.067"/>
  <testcase name="getAllGenres" classname="GenreTest" time="0.03"/>
  <testcase name="getGenreById" classname="GenreTest" time="0.073"/>
  <testcase name="getGenreByName" classname="GenreTest" time="0.101"/>
  <testcase name="updateGenre" classname="GenreTest" time="0.102"/>
  <testcase name="createBookTest" classname="BookTest" time="0.347"/>
  <testcase name="getAllBooks" classname="BookTest" time="0.03"/>
  <testcase name="getBookByAuthorId" classname="BookTest" time="0.039"/>
  <testcase name="getBookByAuthorIdAndGenreId" classname="BookTest" time="0.055"/>
  <testcase name="getBookByGenreId" classname="BookTest" time="0.033"/>
  <testcase name="getBookById" classname="BookTest" time="0.133"/>
  <testcase name="getBookByName" classname="BookTest" time="0.144"/>
  <testcase name="updateBook" classname="BookTest" time="0.185"/>
</testsuite>